<?xml version="1.0" encoding="UTF-8"?>
<!-- Generated by org.testng.reporters.JUnitXMLReporter -->
<testsuite hostname="HYDPCM144977L" ignored="0" name="Regression Tests of MOVE in iOS Perfecto for iPhone 7" tests="3" failures="0" timestamp="07 Aug 2019 01:15:41 GMT" time="56.022" errors="0">
  <testcase name="feature" time="24.349" classname="cucumber.api.testng.AbstractTestNGCucumberTests"/>
  <testcase name="Regression Tests of MOVE in iOS Perfecto for iPhone 7 - feature - " time="11.975" classname="cucumber.api.testng.AbstractTestNGCucumberTests"/>
  <testcase name="Regression Tests of MOVE in iOS Perfecto for iPhone 7 - Regression Tests of MOVE in iOS Perfecto for iPhone 7 - feature -  - " time="18.282" classname="cucumber.api.testng.AbstractTestNGCucumberTests"/>
</testsuite> <!-- Regression Tests of MOVE in iOS Perfecto for iPhone 7 -->
