<?xml version="1.0" encoding="UTF-8"?>
<!-- Generated by org.testng.reporters.JUnitXMLReporter -->
<testsuite hostname="HYDPCM144977L" ignored="0" name="Smoke Tests of MOVE in iOS Perfecto for iPhone 7" tests="1" failures="1" timestamp="10 Aug 2019 05:18:18 GMT" time="33.776" errors="0">
  <testcase name="feature" time="32.588" classname="cucumber.api.testng.AbstractTestNGCucumberTests">
    <failure type="cucumber.runtime.CucumberException" message="java.lang.AssertionError: Find a Flight page displayed? expected [true] but found [false]">
      <![CDATA[cucumber.runtime.CucumberException: java.lang.AssertionError: Find a Flight page displayed? expected [true] but found [false]
at cucumber.api.testng.TestNGCucumberRunner.runCucumber(TestNGCucumberRunner.java:69)
at cucumber.api.testng.AbstractTestNGCucumberTests.feature(AbstractTestNGCucumberTests.java:21)
at java.util.concurrent.FutureTask.run(FutureTask.java:266)
at java.util.concurrent.ThreadPoolExecutor.runWorker(ThreadPoolExecutor.java:1149)
at java.util.concurrent.ThreadPoolExecutor$Worker.run(ThreadPoolExecutor.java:624)
at java.lang.Thread.run(Thread.java:813)
Caused by: java.lang.AssertionError: Find a Flight page displayed? expected [true] but found [false]
at com.CucumberCraft.stepDefinitions.LoginStepDefs.application_should_login_navigate_to_FlightFinder_page(LoginStepDefs.java:69)
at ✽.Then The application should log me in and navigate to the Flight Finder page(Login.feature:21)
... Removed 19 stack frames]]>
    </failure>
  </testcase> <!-- feature -->
</testsuite> <!-- Smoke Tests of MOVE in iOS Perfecto for iPhone 7 -->
